<?xml version="1.0" encoding="UTF-8"?>
<!-- Generated by org.testng.reporters.JUnitReportReporter -->
<testsuite hostname="DESKTOP-KN95FAS" failures="0" tests="3" name="com.my.pname.tests.SigunTest" time="6.848" errors="0" timestamp="2024-11-10T16:07:22 IST" skipped="0">
  <testcase classname="com.my.pname.tests.SigunTest" name="signupPageTitleTest" time="0.028"/>
  <testcase classname="com.my.pname.tests.SigunTest" name="signupOp" time="6.810"/>
  <testcase classname="com.my.pname.tests.SigunTest" name="scussSignUpMsgTest" time="0.010"/>
</testsuite> <!-- com.my.pname.tests.SigunTest -->
