<?xml version="1.0" encoding="UTF-8"?>
<!-- Generated by org.testng.reporters.JUnitReportReporter -->
<testsuite hostname="DESKTOP-KN95FAS" failures="0" tests="1" name="com.my.pname.tests.LoginTest" time="3.345" errors="0" timestamp="2024-11-11T14:51:19 IST" skipped="0">
  <testcase classname="com.my.pname.tests.LoginTest" name="loinOp" time="3.345"/>
  <system-out/>
</testsuite> <!-- com.my.pname.tests.LoginTest -->
