<?xml version="1.0" encoding="UTF-8"?>
<!-- Generated by org.testng.reporters.JUnitReportReporter -->
<testsuite hostname="DESKTOP-KN95FAS" failures="0" tests="3" name="com.my.pname.tests.SignUpTest" time="12.160" errors="0" timestamp="2024-11-11T13:02:46 IST" skipped="0">
  <testcase classname="com.my.pname.tests.SignUpTest" name="signupPageTitleTest" time="0.075"/>
  <system-out/>
  <testcase classname="com.my.pname.tests.SignUpTest" name="signupOp" time="12.070"/>
  <system-out/>
  <testcase classname="com.my.pname.tests.SignUpTest" name="scussSignUpMsgTest" time="0.015"/>
  <system-out/>
</testsuite> <!-- com.my.pname.tests.SignUpTest -->
